<?xml version="1.0" encoding="UTF-8"?>
<!-- Generated by org.testng.reporters.JUnitReportReporter -->
<testsuite hostname="PC-NamLe" failures="0" tests="1" name="com.anhtester.testcases.SignInTest" time="0.529" errors="0" timestamp="2025-06-13T16:18:11 ICT" skipped="0">
  <testcase classname="com.anhtester.testcases.SignInTest" name="testLoginWithValidCredentials" time="0.529"/>
</testsuite> <!-- com.anhtester.testcases.SignInTest -->
