<?xml version="1.0" encoding="UTF-8"?>
<!-- Generated by org.testng.reporters.JUnitReportReporter -->
<testsuite hostname="PC-NamLe" failures="0" tests="1" name="Bai12_6Wait.TestWait" time="3.225" errors="0" timestamp="2025-06-12T14:43:02 ICT" skipped="0">
  <testcase classname="Bai12_6Wait.TestWait" name="DmWait" time="3.225"/>
</testsuite> <!-- Bai12_6Wait.TestWait -->
