<?xml version="1.0" encoding="UTF-8"?>
<!-- Generated by org.testng.reporters.JUnitReportReporter -->
<testsuite hostname="PC-NamLe" failures="0" tests="1" name="UserInteractions.ActionsClass" time="8.921" errors="0" timestamp="2025-06-10T10:22:28 ICT" skipped="0">
  <testcase classname="UserInteractions.ActionsClass" name="TestDragAnhDrop" time="8.921"/>
</testsuite> <!-- UserInteractions.ActionsClass -->
