<?xml version="1.0" encoding="UTF-8"?>
<!-- Generated by org.testng.reporters.JUnitReportReporter -->
<testsuite hostname="PC-NamLe" failures="0" tests="1" name="UserInteractions.RobotClass" time="7.327" errors="0" timestamp="2025-06-10T14:22:41 ICT" skipped="0">
  <testcase classname="UserInteractions.RobotClass" name="inputSearch" time="7.327"/>
</testsuite> <!-- UserInteractions.RobotClass -->
