<?xml version="1.0" encoding="UTF-8"?>
<!-- Generated by org.testng.reporters.JUnitReportReporter -->
<testsuite hostname="PC-NamLe" failures="0" tests="2" name="secondpackage.firstclass" time="0.016" errors="0" timestamp="2025-06-06T11:11:03 ICT" skipped="0">
  <testcase classname="secondpackage.firstclass" name="FirstMethod" time="0.012"/>
  <testcase classname="secondpackage.firstclass" name="SecondtMethod" time="0.004"/>
</testsuite> <!-- secondpackage.firstclass -->
