<?xml version="1.0" encoding="UTF-8"?>
<!-- Generated by org.testng.reporters.JUnitReportReporter -->
<testsuite hostname="PC-NamLe" failures="0" tests="1" name="Bai12_6Wait.TestWait" time="4.071" errors="0" timestamp="2025-06-13T09:25:21 ICT" skipped="0">
  <testcase classname="Bai12_6Wait.TestWait" name="DmWait" time="4.071"/>
</testsuite> <!-- Bai12_6Wait.TestWait -->
