<?xml version="1.0" encoding="UTF-8"?>
<!-- Generated by org.testng.reporters.JUnitReportReporter -->
<testsuite hostname="PC-NamLe" failures="0" tests="2" name="secondpackage.secondclass" time="0.012" errors="0" timestamp="2025-06-06T11:11:03 ICT" skipped="0">
  <testcase classname="secondpackage.secondclass" name="SecondtMethod" time="0.003"/>
  <testcase classname="secondpackage.secondclass" name="FirstMethod" time="0.009"/>
</testsuite> <!-- secondpackage.secondclass -->
