<?xml version="1.0" encoding="UTF-8"?>
<!-- Generated by org.testng.reporters.JUnitReportReporter -->
<testsuite hostname="PC-NamLe" failures="0" tests="1" name="Bai10_6AlertPopupIframe.Popup" time="8.451" errors="0" timestamp="2025-06-11T13:41:32 ICT" skipped="0">
  <testcase classname="Bai10_6AlertPopupIframe.Popup" name="PopupWindowDemo" time="8.451"/>
</testsuite> <!-- Bai10_6AlertPopupIframe.Popup -->
