<?xml version="1.0" encoding="UTF-8"?>
<!-- Generated by org.testng.reporters.JUnitReportReporter -->
<testsuite hostname="PC-NamLe" failures="0" tests="1" name="DemoAnotation.TestClass" time="0.014" errors="0" timestamp="2025-06-06T16:51:58 ICT" skipped="0">
  <testcase classname="DemoAnotation.TestClass" name="TestMethod" time="0.014"/>
</testsuite> <!-- DemoAnotation.TestClass -->
