<?xml version="1.0" encoding="UTF-8"?>
<!-- Generated by org.testng.reporters.JUnitReportReporter -->
<testsuite hostname="PC-NamLe" failures="0" tests="1" name="Assert.NewTest" time="13.677" errors="0" timestamp="2025-06-09T09:43:44 ICT" skipped="0">
  <testcase classname="Assert.NewTest" name="f" time="13.677"/>
</testsuite> <!-- Assert.NewTest -->
