<?xml version="1.0" encoding="UTF-8"?>
<!-- Generated by org.testng.reporters.JUnitReportReporter -->
<testsuite hostname="PC-NamLe" failures="0" tests="1" name="Assert.AssertExample" time="16.607" errors="0" timestamp="2025-06-09T15:43:07 ICT" skipped="0">
  <testcase classname="Assert.AssertExample" name="UpdateProfile" time="16.607"/>
</testsuite> <!-- Assert.AssertExample -->
