<?xml version="1.0" encoding="UTF-8"?>
<!-- Generated by org.testng.reporters.JUnitReportReporter -->
<testsuite hostname="PC-NamLe" failures="0" tests="2" name="secondpackage.firstclass" time="0.025" errors="0" timestamp="2025-06-12T09:53:37 ICT" skipped="0">
  <testcase classname="secondpackage.firstclass" name="SecondtMethod" time="0.015"/>
  <testcase classname="secondpackage.firstclass" name="FirstMethod" time="0.010"/>
</testsuite> <!-- secondpackage.firstclass -->
