<?xml version="1.0" encoding="UTF-8"?>
<!-- Generated by org.testng.reporters.JUnitReportReporter -->
<testsuite hostname="PC-NamLe" failures="0" tests="2" name="firstpackage.secondclass" time="6.612" errors="0" timestamp="2025-06-06T17:06:15 ICT" skipped="0">
  <testcase classname="firstpackage.secondclass" name="SecondtMethod" time="6.598"/>
  <testcase classname="firstpackage.secondclass" name="FirstMethod" time="0.014"/>
</testsuite> <!-- firstpackage.secondclass -->
