<?xml version="1.0" encoding="UTF-8"?>
<!-- Generated by org.testng.reporters.JUnitReportReporter -->
<testsuite hostname="PC-NamLe" failures="0" tests="1" name="Bai11_6JavaScriptExecutor.Demo" time="11.251" errors="0" timestamp="2025-06-11T16:18:06 ICT" skipped="0">
  <testcase classname="Bai11_6JavaScriptExecutor.Demo" name="jsExcutorDemo" time="11.251"/>
</testsuite> <!-- Bai11_6JavaScriptExecutor.Demo -->
