<?xml version="1.0" encoding="UTF-8"?>
<!-- Generated by org.testng.reporters.JUnitReportReporter -->
<testsuite hostname="PC-NamLe" failures="0" tests="1" name="firstpackage.firstclass" time="7.701" errors="0" timestamp="2025-06-06T14:09:57 ICT" skipped="0">
  <testcase classname="firstpackage.firstclass" name="FirstMethod" time="7.701"/>
</testsuite> <!-- firstpackage.firstclass -->
