<?xml version="1.0" encoding="UTF-8"?>
<!-- Generated by org.testng.reporters.JUnitReportReporter -->
<testsuite hostname="PC-NamLe" failures="0" tests="1" name="UserInteractions.ActionsClass" time="24.955" errors="0" timestamp="2025-06-09T17:32:03 ICT" skipped="0">
  <testcase classname="UserInteractions.ActionsClass" name="TestAction" time="24.955"/>
</testsuite> <!-- UserInteractions.ActionsClass -->
