<?xml version="1.0" encoding="UTF-8"?>
<!-- Generated by org.testng.reporters.JUnitReportReporter -->
<testsuite hostname="PC-NamLe" failures="0" tests="2" name="TongPackage.pac1.firstclass" time="5.797" errors="0" timestamp="2025-06-06T14:34:49 ICT" skipped="0">
  <testcase classname="TongPackage.pac1.firstclass" name="SecondtMethod" time="0.002"/>
  <testcase classname="TongPackage.pac1.firstclass" name="FirstMethod" time="5.795"/>
</testsuite> <!-- TongPackage.pac1.firstclass -->
