<?xml version="1.0" encoding="UTF-8"?>
<!-- Generated by org.testng.reporters.JUnitReportReporter -->
<testsuite hostname="PC-NamLe" failures="0" tests="1" name="firstpackage.firstclass" time="12.240" errors="0" timestamp="2025-06-12T09:53:37 ICT" skipped="0">
  <testcase classname="firstpackage.firstclass" name="FirstMethod" time="12.240"/>
</testsuite> <!-- firstpackage.firstclass -->
