<?xml version="1.0" encoding="UTF-8"?>
<!-- Generated by org.testng.reporters.JUnitReportReporter -->
<testsuite hostname="PC-NamLe" failures="0" tests="2" name="DemoAnotation.Demo" time="0.043" errors="0" timestamp="2025-06-06T16:53:57 ICT" skipped="0">
  <testcase classname="DemoAnotation.Demo" name="testOneMethod" time="0.016"/>
  <testcase classname="DemoAnotation.Demo" name="testTwoMethod" time="0.027"/>
</testsuite> <!-- DemoAnotation.Demo -->
