<?xml version="1.0" encoding="UTF-8"?>
<!-- Generated by org.testng.reporters.JUnitReportReporter -->
<testsuite hostname="PC-NamLe" failures="0" tests="2" name="secondpackage.secondclass" time="0.013" errors="0" timestamp="2025-06-12T09:53:37 ICT" skipped="0">
  <testcase classname="secondpackage.secondclass" name="FirstMethod" time="0.007"/>
  <testcase classname="secondpackage.secondclass" name="SecondtMethod" time="0.006"/>
</testsuite> <!-- secondpackage.secondclass -->
