<?xml version="1.0" encoding="UTF-8"?>
<!-- Generated by org.testng.reporters.JUnitReportReporter -->
<testsuite hostname="PC-NamLe" failures="0" tests="2" name="firstpackage.secondclass" time="4.503" errors="0" timestamp="2025-06-12T09:53:37 ICT" skipped="0">
  <testcase classname="firstpackage.secondclass" name="SecondtMethod" time="4.500"/>
  <testcase classname="firstpackage.secondclass" name="FirstMethod" time="0.003"/>
</testsuite> <!-- firstpackage.secondclass -->
