<?xml version="1.0" encoding="UTF-8"?>
<!-- Generated by org.testng.reporters.JUnitReportReporter -->
<testsuite hostname="PC-NamLe" failures="0" tests="3" name="firsttestngpackage.AutomationTestNG" time="14.479" errors="0" timestamp="2025-06-05T17:11:38 ICT" skipped="0">
  <testcase classname="firsttestngpackage.AutomationTestNG" name="demoOne" time="7.135"/>
  <testcase classname="firsttestngpackage.AutomationTestNG" name="demoTwo" time="4.051"/>
  <testcase classname="firsttestngpackage.AutomationTestNG" name="demoThree" time="3.293"/>
</testsuite> <!-- firsttestngpackage.AutomationTestNG -->
