<?xml version="1.0" encoding="UTF-8"?>
<!-- Generated by org.testng.reporters.JUnitReportReporter -->
<testsuite hostname="PC-NamLe" failures="0" tests="1" name="Bai10_6AlertPopupIframe.Iframe" time="27.354" errors="0" timestamp="2025-06-11T14:24:47 ICT" skipped="0">
  <testcase classname="Bai10_6AlertPopupIframe.Iframe" name="iFrame01" time="27.354"/>
</testsuite> <!-- Bai10_6AlertPopupIframe.Iframe -->
